[Exception]: возникла ошибка:
[Exception]: текст: {"error":{"error_code":901,"error_msg":"Can't send messages for users without permission","request_params":[{"key":"method","value":"messages.send"},{"key":"oauth","value":"1"},{"key":"peer_id","value":"-190064973"},{"key":"keyboard","value":"{\"one_time\":false,\"buttons\":[[{\"action\":{\"type\":\"text\",\"payload\":\"\\\"\u0414\u043e\u0441\u0443\u0433\\\"\",\"label\":\"\u0414\u043e\u0441\u0443\u0433\"},\"color\":\"positive\"},{\"action\":{\"type\":\"text\",\"payload\":\"\\\"\u041c\u0430\u0433\u0430\u0437\u0438\u043d\\\"\",\"label\":\"\u041c\u0430\u0433\u0430\u0437\u0438\u043d\"},\"color\":\"positive\"}],[{\"action\":{\"type\":\"text\",\"payload\":\"\\\"\u041e\u0440\u0433\u0430\u043d\u0438\u0437\u0430\u0446\u0438\u0438\\\"\",\"label\":\"\u041e\u0440\u0433\u0430\u043d\u0438\u0437\u0430\u0446\u0438\u0438\"},\"color\":\"primary\"},{\"action\":{\"type\":\"text\",\"payload\":\"\\\"\u0420\u0430\u0431\u043e\u0442\u0430\\\"\",\"label\":\"\u0420\u0430\u0431\u043e\u0442\u0430\"},\"color\":\"primary\"}],[{\"action\":{\"type\":\"text\",\"payload\":\"\\\"\u0416\u0438\u043b\u044c\u0451\\\"\",\"label\":\"\u0416\u0438\u043b\u044c\u0451\"},\"color\":\"negative\"},{\"action\":{\"type\":\"text\",\"payload\":\"\\\"\u041f\u043e\u0434\u043f\u043e\u043b\u044c\u0435\\\"\",\"label\":\"\u041f\u043e\u0434\u043f\u043e\u043b\u044c\u0435\"},\"color\":\"negative\"}],[{\"action\":{\"type\":\"text\",\"payload\":\"\\\"\u041f\u0440\u043e\u0432\u0438\u043d\u0446\u0438\u044f\\\"\",\"label\":\"+++\u0433\u043e\u0440\u043e\u0434+++\"},\"color\":\"default\"}]],\"inline\":false}"},{"key":"v","value":"5.103"},{"key":"random_id","value":"652753844"}]}}
[Exception]: код ошибки: 901
[Exception]: файл: /home/u0kleonido/domains/leosbot.host/public_html/memory/version_2A/vendor/digitalstars/vk_api/src/vk_api.php:230
[Exception]: путь ошибки: #0 /home/u0kleonido/domains/leosbot.host/public_html/memory/version_2A/vendor/digitalstars/vk_api/src/vk_api.php(428): DigitalStar\vk_api\vk_api->request('messages.send', Array)
#1 /home/u0kleonido/domains/leosbot.host/public_html/memory/version_2A/button.php(595): DigitalStar\vk_api\vk_api->sendButton(-190064973, '\xD0\x94\xD0\xBE\xD0\xB1\xD1\x80\xD0\xBE \xD0\xBF\xD0\xBE...', Array)
#2 {main}
[Exception]: возникла ошибка:
[Exception]: текст: {"error":{"error_code":901,"error_msg":"Can't send messages for users without permission","request_params":[{"key":"method","value":"messages.send"},{"key":"oauth","value":"1"},{"key":"peer_id","value":"-190064973"},{"key":"keyboard","value":"{\"one_time\":false,\"buttons\":[[{\"action\":{\"type\":\"text\",\"payload\":\"\\\"\u0414\u043e\u0441\u0443\u0433\\\"\",\"label\":\"\u0414\u043e\u0441\u0443\u0433\"},\"color\":\"positive\"},{\"action\":{\"type\":\"text\",\"payload\":\"\\\"\u041c\u0430\u0433\u0430\u0437\u0438\u043d\\\"\",\"label\":\"\u041c\u0430\u0433\u0430\u0437\u0438\u043d\"},\"color\":\"positive\"}],[{\"action\":{\"type\":\"text\",\"payload\":\"\\\"\u041e\u0440\u0433\u0430\u043d\u0438\u0437\u0430\u0446\u0438\u0438\\\"\",\"label\":\"\u041e\u0440\u0433\u0430\u043d\u0438\u0437\u0430\u0446\u0438\u0438\"},\"color\":\"primary\"},{\"action\":{\"type\":\"text\",\"payload\":\"\\\"\u0420\u0430\u0431\u043e\u0442\u0430\\\"\",\"label\":\"\u0420\u0430\u0431\u043e\u0442\u0430\"},\"color\":\"primary\"}],[{\"action\":{\"type\":\"text\",\"payload\":\"\\\"\u0416\u0438\u043b\u044c\u0451\\\"\",\"label\":\"\u0416\u0438\u043b\u044c\u0451\"},\"color\":\"negative\"},{\"action\":{\"type\":\"text\",\"payload\":\"\\\"\u041f\u043e\u0434\u043f\u043e\u043b\u044c\u0435\\\"\",\"label\":\"\u041f\u043e\u0434\u043f\u043e\u043b\u044c\u0435\"},\"color\":\"negative\"}],[{\"action\":{\"type\":\"text\",\"payload\":\"\\\"\u041f\u0440\u043e\u0432\u0438\u043d\u0446\u0438\u044f\\\"\",\"label\":\"+++\u0433\u043e\u0440\u043e\u0434+++\"},\"color\":\"default\"}]],\"inline\":false}"},{"key":"v","value":"5.103"},{"key":"random_id","value":"116979738"}]}}
[Exception]: код ошибки: 901
[Exception]: файл: /home/u0kleonido/domains/leosbot.host/public_html/memory/version_2A/vendor/digitalstars/vk_api/src/vk_api.php:230
[Exception]: путь ошибки: #0 /home/u0kleonido/domains/leosbot.host/public_html/memory/version_2A/vendor/digitalstars/vk_api/src/vk_api.php(428): DigitalStar\vk_api\vk_api->request('messages.send', Array)
#1 /home/u0kleonido/domains/leosbot.host/public_html/memory/version_2A/button.php(595): DigitalStar\vk_api\vk_api->sendButton(-190064973, '\xD0\x94\xD0\xBE\xD0\xB1\xD1\x80\xD0\xBE \xD0\xBF\xD0\xBE...', Array)
#2 {main}
[Exception]: возникла ошибка:
[Exception]: текст: {"error":{"error_code":901,"error_msg":"Can't send messages for users without permission","request_params":[{"key":"method","value":"messages.send"},{"key":"oauth","value":"1"},{"key":"peer_id","value":"-190064973"},{"key":"keyboard","value":"{\"one_time\":false,\"buttons\":[[{\"action\":{\"type\":\"text\",\"payload\":\"\\\"\u0411\u0430\u043d\u043a | \u041f\u043e\u043f\u043e\u043b\u043d\u0438\u0442\u044c\\\"\",\"label\":\"\u041f\u043e\u043f\u043e\u043b\u043d\u0438\u0442\u044c \u0441\u0447\u0451\u0442\"},\"color\":\"positive\"},{\"action\":{\"type\":\"text\",\"payload\":\"\\\"\u0411\u0430\u043d\u043a | \u0421\u043d\u044f\u0442\u044c\\\"\",\"label\":\"\u0421\u043d\u044f\u0442\u044c \u0434\u0435\u043d\u044c\u0433\u0438\"},\"color\":\"positive\"}],[{\"action\":{\"type\":\"text\",\"payload\":\"\\\"\u0411\u0430\u043d\u043a | \u0418\u043d\u0444\u043e\u0440\u043c\u0430\u0446\u0438\u044f | \u0413\u043b\u0430\u0432\u043d\u044b\u0439\\\"\",\"label\":\"\u0418\u043d\u0444\u043e\u0440\u043c\u0430\u0446\u0438\u044f\"},\"color\":\"primary\"},{\"action\":{\"type\":\"text\",\"payload\":\"\\\"\u0411\u0430\u043d\u043a | \u041d\u0430\u0441\u0442\u0440\u043e\u0439\u043a\u0438 | \u0413\u043b\u0430\u0432\u043d\u044b\u0439\\\"\",\"label\":\"\u041d\u0430\u0441\u0442\u0440\u043e\u0439\u043a\u0438\"},\"color\":\"primary\"},{\"action\":{\"type\":\"text\",\"payload\":\"\\\"\u0411\u0430\u043d\u043a | \u041f\u0435\u0440\u0435\u0432\u043e\u0434\\\"\",\"label\":\"\u041f\u0435\u0440\u0435\u0432\u0435\u0441\u0442\u0438\"},\"color\":\"primary\"}],[{\"action\":{\"type\":\"text\",\"payload\":\"\\\"\u0426\u0435\u043d\u0442\u0440\\\"\",\"label\":\"\u0426\u0435\u043d\u0442\u0440\u0430\u043b\u044c\u043d\u0430\u044f \u043f\u043b\u043e\u0449\u0430\u0434\u044c\"},\"color\":\"default\"}]],\"inline\":false}"},{"key":"v","value":"5.103"},{"key":"random_id","value":"639470968"}]}}
[Exception]: код ошибки: 901
[Exception]: файл: /home/u0kleonido/domains/leosbot.host/public_html/memory/version_2A/vendor/digitalstars/vk_api/src/vk_api.php:230
[Exception]: путь ошибки: #0 /home/u0kleonido/domains/leosbot.host/public_html/memory/version_2A/vendor/digitalstars/vk_api/src/vk_api.php(428): DigitalStar\vk_api\vk_api->request('messages.send', Array)
#1 /home/u0kleonido/domains/leosbot.host/public_html/memory/version_2A/button.php(591): DigitalStar\vk_api\vk_api->sendButton(-190064973, '\xD0\x92\xD1\x8B\xD1\x81\xD1\x8B\xD0\xBB\xD0\xB0\xD1\x8E ...', Array)
#2 {main}
[Exception]: возникла ошибка:
[Exception]: текст: {"error":{"error_code":901,"error_msg":"Can't send messages for users without permission","request_params":[{"key":"method","value":"messages.send"},{"key":"oauth","value":"1"},{"key":"peer_id","value":"-190064973"},{"key":"keyboard","value":"{\"one_time\":false,\"buttons\":[[{\"action\":{\"type\":\"text\",\"payload\":\"\\\"\u0414\u043e\u0441\u0443\u0433\\\"\",\"label\":\"\u0414\u043e\u0441\u0443\u0433\"},\"color\":\"positive\"},{\"action\":{\"type\":\"text\",\"payload\":\"\\\"\u041c\u0430\u0433\u0430\u0437\u0438\u043d\\\"\",\"label\":\"\u041c\u0430\u0433\u0430\u0437\u0438\u043d\"},\"color\":\"positive\"}],[{\"action\":{\"type\":\"text\",\"payload\":\"\\\"\u041e\u0440\u0433\u0430\u043d\u0438\u0437\u0430\u0446\u0438\u0438\\\"\",\"label\":\"\u041e\u0440\u0433\u0430\u043d\u0438\u0437\u0430\u0446\u0438\u0438\"},\"color\":\"primary\"},{\"action\":{\"type\":\"text\",\"payload\":\"\\\"\u0420\u0430\u0431\u043e\u0442\u0430\\\"\",\"label\":\"\u0420\u0430\u0431\u043e\u0442\u0430\"},\"color\":\"primary\"}],[{\"action\":{\"type\":\"text\",\"payload\":\"\\\"\u0416\u0438\u043b\u044c\u0451\\\"\",\"label\":\"\u0416\u0438\u043b\u044c\u0451\"},\"color\":\"negative\"},{\"action\":{\"type\":\"text\",\"payload\":\"\\\"\u041f\u043e\u0434\u043f\u043e\u043b\u044c\u0435\\\"\",\"label\":\"\u041f\u043e\u0434\u043f\u043e\u043b\u044c\u0435\"},\"color\":\"negative\"}],[{\"action\":{\"type\":\"text\",\"payload\":\"\\\"\u041f\u0440\u043e\u0432\u0438\u043d\u0446\u0438\u044f\\\"\",\"label\":\"+++\u0433\u043e\u0440\u043e\u0434+++\"},\"color\":\"default\"}]],\"inline\":false}"},{"key":"v","value":"5.103"},{"key":"random_id","value":"-497295590"}]}}
[Exception]: код ошибки: 901
[Exception]: файл: /home/u0kleonido/domains/leosbot.host/public_html/memory/version_2A/vendor/digitalstars/vk_api/src/vk_api.php:230
[Exception]: путь ошибки: #0 /home/u0kleonido/domains/leosbot.host/public_html/memory/version_2A/vendor/digitalstars/vk_api/src/vk_api.php(428): DigitalStar\vk_api\vk_api->request('messages.send', Array)
#1 /home/u0kleonido/domains/leosbot.host/public_html/memory/version_2A/button.php(591): DigitalStar\vk_api\vk_api->sendButton(-190064973, '\xD0\x92\xD1\x8B\xD1\x81\xD1\x8B\xD0\xBB\xD0\xB0\xD1\x8E ...', Array)
#2 {main}
[Exception]: возникла ошибка:
[Exception]: текст: {"error":{"error_code":901,"error_msg":"Can't send messages for users without permission","request_params":[{"key":"method","value":"messages.send"},{"key":"oauth","value":"1"},{"key":"peer_id","value":"-190064973"},{"key":"keyboard","value":"{\"one_time\":false,\"buttons\":[[{\"action\":{\"type\":\"text\",\"payload\":\"\\\"\u0414\u043e\u0441\u0443\u0433\\\"\",\"label\":\"\u0414\u043e\u0441\u0443\u0433\"},\"color\":\"positive\"},{\"action\":{\"type\":\"text\",\"payload\":\"\\\"\u041c\u0430\u0433\u0430\u0437\u0438\u043d\\\"\",\"label\":\"\u041c\u0430\u0433\u0430\u0437\u0438\u043d\"},\"color\":\"positive\"}],[{\"action\":{\"type\":\"text\",\"payload\":\"\\\"\u041e\u0440\u0433\u0430\u043d\u0438\u0437\u0430\u0446\u0438\u0438\\\"\",\"label\":\"\u041e\u0440\u0433\u0430\u043d\u0438\u0437\u0430\u0446\u0438\u0438\"},\"color\":\"primary\"},{\"action\":{\"type\":\"text\",\"payload\":\"\\\"\u0420\u0430\u0431\u043e\u0442\u0430\\\"\",\"label\":\"\u0420\u0430\u0431\u043e\u0442\u0430\"},\"color\":\"primary\"}],[{\"action\":{\"type\":\"text\",\"payload\":\"\\\"\u0416\u0438\u043b\u044c\u0451\\\"\",\"label\":\"\u0416\u0438\u043b\u044c\u0451\"},\"color\":\"negative\"},{\"action\":{\"type\":\"text\",\"payload\":\"\\\"\u041f\u043e\u0434\u043f\u043e\u043b\u044c\u0435\\\"\",\"label\":\"\u041f\u043e\u0434\u043f\u043e\u043b\u044c\u0435\"},\"color\":\"negative\"}],[{\"action\":{\"type\":\"text\",\"payload\":\"\\\"\u041f\u0440\u043e\u0432\u0438\u043d\u0446\u0438\u044f\\\"\",\"label\":\"+++\u0433\u043e\u0440\u043e\u0434+++\"},\"color\":\"default\"}]],\"inline\":false}"},{"key":"v","value":"5.103"},{"key":"random_id","value":"-1804748732"}]}}
[Exception]: код ошибки: 901
[Exception]: файл: /home/u0kleonido/domains/leosbot.host/public_html/memory/version_2A/vendor/digitalstars/vk_api/src/vk_api.php:230
[Exception]: путь ошибки: #0 /home/u0kleonido/domains/leosbot.host/public_html/memory/version_2A/vendor/digitalstars/vk_api/src/vk_api.php(428): DigitalStar\vk_api\vk_api->request('messages.send', Array)
#1 /home/u0kleonido/domains/leosbot.host/public_html/memory/version_2A/button.php(595): DigitalStar\vk_api\vk_api->sendButton(-190064973, '\xD0\x94\xD0\xBE\xD0\xB1\xD1\x80\xD0\xBE \xD0\xBF\xD0\xBE...', Array)
#2 {main}
[Exception]: возникла ошибка:
[Exception]: текст: {"error":{"error_code":901,"error_msg":"Can't send messages for users without permission","request_params":[{"key":"method","value":"messages.send"},{"key":"oauth","value":"1"},{"key":"peer_id","value":"-190064973"},{"key":"keyboard","value":"{\"one_time\":false,\"buttons\":[[{\"action\":{\"type\":\"text\",\"payload\":\"\\\"\u0414\u043e\u0441\u0443\u0433\\\"\",\"label\":\"\u0414\u043e\u0441\u0443\u0433\"},\"color\":\"positive\"},{\"action\":{\"type\":\"text\",\"payload\":\"\\\"\u041c\u0430\u0433\u0430\u0437\u0438\u043d\\\"\",\"label\":\"\u041c\u0430\u0433\u0430\u0437\u0438\u043d\"},\"color\":\"positive\"}],[{\"action\":{\"type\":\"text\",\"payload\":\"\\\"\u041e\u0440\u0433\u0430\u043d\u0438\u0437\u0430\u0446\u0438\u0438\\\"\",\"label\":\"\u041e\u0440\u0433\u0430\u043d\u0438\u0437\u0430\u0446\u0438\u0438\"},\"color\":\"primary\"},{\"action\":{\"type\":\"text\",\"payload\":\"\\\"\u0420\u0430\u0431\u043e\u0442\u0430\\\"\",\"label\":\"\u0420\u0430\u0431\u043e\u0442\u0430\"},\"color\":\"primary\"}],[{\"action\":{\"type\":\"text\",\"payload\":\"\\\"\u0416\u0438\u043b\u044c\u0451\\\"\",\"label\":\"\u0416\u0438\u043b\u044c\u0451\"},\"color\":\"negative\"},{\"action\":{\"type\":\"text\",\"payload\":\"\\\"\u041f\u043e\u0434\u043f\u043e\u043b\u044c\u0435\\\"\",\"label\":\"\u041f\u043e\u0434\u043f\u043e\u043b\u044c\u0435\"},\"color\":\"negative\"}],[{\"action\":{\"type\":\"text\",\"payload\":\"\\\"\u041f\u0440\u043e\u0432\u0438\u043d\u0446\u0438\u044f\\\"\",\"label\":\"+++\u0433\u043e\u0440\u043e\u0434+++\"},\"color\":\"default\"}]],\"inline\":false}"},{"key":"v","value":"5.103"},{"key":"random_id","value":"1684254140"}]}}
[Exception]: код ошибки: 901
[Exception]: файл: /home/u0kleonido/domains/leosbot.host/public_html/memory/version_2A/vendor/digitalstars/vk_api/src/vk_api.php:230
[Exception]: путь ошибки: #0 /home/u0kleonido/domains/leosbot.host/public_html/memory/version_2A/vendor/digitalstars/vk_api/src/vk_api.php(428): DigitalStar\vk_api\vk_api->request('messages.send', Array)
#1 /home/u0kleonido/domains/leosbot.host/public_html/memory/version_2A/button.php(595): DigitalStar\vk_api\vk_api->sendButton(-190064973, '\xD0\x94\xD0\xBE\xD0\xB1\xD1\x80\xD0\xBE \xD0\xBF\xD0\xBE...', Array)
#2 {main}
[Exception]: возникла ошибка:
[Exception]: текст: {"error":{"error_code":901,"error_msg":"Can't send messages for users without permission","request_params":[{"key":"method","value":"messages.send"},{"key":"oauth","value":"1"},{"key":"peer_id","value":"-190064973"},{"key":"keyboard","value":"{\"one_time\":false,\"buttons\":[[{\"action\":{\"type\":\"text\",\"payload\":\"\\\"\u0414\u043e\u0441\u0443\u0433 | \u041a\u0430\u0437\u0438\u043d\u043e\\\"\",\"label\":\"\u041a\u0430\u0437\u0438\u043d\u043e\"},\"color\":\"positive\"},{\"action\":{\"type\":\"text\",\"payload\":\"\\\"\u0414\u043e\u0441\u0443\u0433 | \u0420\u0435\u0441\u0442\u043e\u0440\u0430\u043d\u044b\\\"\",\"label\":\"\u0420\u0435\u0441\u0442\u043e\u0440\u0430\u043d\u044b\"},\"color\":\"positive\"}],[{\"action\":{\"type\":\"text\",\"payload\":\"\\\"\u0414\u043e\u0441\u0443\u0433 | \u0422\u0440\u0435\u043d\u0438\u0440\u043e\u0432\u043a\u0438\\\"\",\"label\":\"\u0422\u0440\u0435\u043d\u0438\u0440\u043e\u0432\u043a\u0438\"},\"color\":\"primary\"}],[{\"action\":{\"type\":\"text\",\"payload\":\"\\\"\u0426\u0435\u043d\u0442\u0440\\\"\",\"label\":\"\u0426\u0435\u043d\u0442\u0440 \u0433\u043e\u0440\u043e\u0434\u0430\"},\"color\":\"default\"}]],\"inline\":false}"},{"key":"v","value":"5.103"},{"key":"random_id","value":"-789005316"}]}}
[Exception]: код ошибки: 901
[Exception]: файл: /home/u0kleonido/domains/leosbot.host/public_html/memory/version_2A/vendor/digitalstars/vk_api/src/vk_api.php:230
[Exception]: путь ошибки: #0 /home/u0kleonido/domains/leosbot.host/public_html/memory/version_2A/vendor/digitalstars/vk_api/src/vk_api.php(428): DigitalStar\vk_api\vk_api->request('messages.send', Array)
#1 /home/u0kleonido/domains/leosbot.host/public_html/memory/version_2A/button.php(591): DigitalStar\vk_api\vk_api->sendButton(-190064973, '\xD0\x92\xD1\x8B\xD1\x81\xD1\x8B\xD0\xBB\xD0\xB0\xD1\x8E ...', Array)
#2 {main}
[Exception]: возникла ошибка:
[Exception]: текст: {"error":{"error_code":901,"error_msg":"Can't send messages for users without permission","request_params":[{"key":"method","value":"messages.send"},{"key":"oauth","value":"1"},{"key":"peer_id","value":"-190064973"},{"key":"keyboard","value":"{\"one_time\":false,\"buttons\":[[{\"action\":{\"type\":\"text\",\"payload\":\"\\\"\u0414\u043e\u0441\u0443\u0433\\\"\",\"label\":\"\u0414\u043e\u0441\u0443\u0433\"},\"color\":\"positive\"},{\"action\":{\"type\":\"text\",\"payload\":\"\\\"\u041c\u0430\u0433\u0430\u0437\u0438\u043d\\\"\",\"label\":\"\u041c\u0430\u0433\u0430\u0437\u0438\u043d\"},\"color\":\"positive\"}],[{\"action\":{\"type\":\"text\",\"payload\":\"\\\"\u041e\u0440\u0433\u0430\u043d\u0438\u0437\u0430\u0446\u0438\u0438\\\"\",\"label\":\"\u041e\u0440\u0433\u0430\u043d\u0438\u0437\u0430\u0446\u0438\u0438\"},\"color\":\"primary\"},{\"action\":{\"type\":\"text\",\"payload\":\"\\\"\u0420\u0430\u0431\u043e\u0442\u0430\\\"\",\"label\":\"\u0420\u0430\u0431\u043e\u0442\u0430\"},\"color\":\"primary\"}],[{\"action\":{\"type\":\"text\",\"payload\":\"\\\"\u0416\u0438\u043b\u044c\u0451\\\"\",\"label\":\"\u0416\u0438\u043b\u044c\u0451\"},\"color\":\"negative\"},{\"action\":{\"type\":\"text\",\"payload\":\"\\\"\u041f\u043e\u0434\u043f\u043e\u043b\u044c\u0435\\\"\",\"label\":\"\u041f\u043e\u0434\u043f\u043e\u043b\u044c\u0435\"},\"color\":\"negative\"}],[{\"action\":{\"type\":\"text\",\"payload\":\"\\\"\u041f\u0440\u043e\u0432\u0438\u043d\u0446\u0438\u044f\\\"\",\"label\":\"+++\u0433\u043e\u0440\u043e\u0434+++\"},\"color\":\"default\"}]],\"inline\":false}"},{"key":"v","value":"5.103"},{"key":"random_id","value":"401846124"}]}}
[Exception]: код ошибки: 901
[Exception]: файл: /home/u0kleonido/domains/leosbot.host/public_html/memory/version_2A/vendor/digitalstars/vk_api/src/vk_api.php:230
[Exception]: путь ошибки: #0 /home/u0kleonido/domains/leosbot.host/public_html/memory/version_2A/vendor/digitalstars/vk_api/src/vk_api.php(428): DigitalStar\vk_api\vk_api->request('messages.send', Array)
#1 /home/u0kleonido/domains/leosbot.host/public_html/memory/version_2A/button.php(595): DigitalStar\vk_api\vk_api->sendButton(-190064973, '\xD0\x94\xD0\xBE\xD0\xB1\xD1\x80\xD0\xBE \xD0\xBF\xD0\xBE...', Array)
#2 {main}
[Exception]: возникла ошибка:
[Exception]: текст: {"error":{"error_code":901,"error_msg":"Can't send messages for users without permission","request_params":[{"key":"method","value":"messages.send"},{"key":"oauth","value":"1"},{"key":"peer_id","value":"-190064973"},{"key":"keyboard","value":"{\"one_time\":false,\"buttons\":[[{\"action\":{\"type\":\"text\",\"payload\":\"\\\"\u0414\u043e\u0441\u0443\u0433\\\"\",\"label\":\"\u0414\u043e\u0441\u0443\u0433\"},\"color\":\"positive\"},{\"action\":{\"type\":\"text\",\"payload\":\"\\\"\u041c\u0430\u0433\u0430\u0437\u0438\u043d\\\"\",\"label\":\"\u041c\u0430\u0433\u0430\u0437\u0438\u043d\"},\"color\":\"positive\"}],[{\"action\":{\"type\":\"text\",\"payload\":\"\\\"\u041e\u0440\u0433\u0430\u043d\u0438\u0437\u0430\u0446\u0438\u0438\\\"\",\"label\":\"\u041e\u0440\u0433\u0430\u043d\u0438\u0437\u0430\u0446\u0438\u0438\"},\"color\":\"primary\"},{\"action\":{\"type\":\"text\",\"payload\":\"\\\"\u0420\u0430\u0431\u043e\u0442\u0430\\\"\",\"label\":\"\u0420\u0430\u0431\u043e\u0442\u0430\"},\"color\":\"primary\"}],[{\"action\":{\"type\":\"text\",\"payload\":\"\\\"\u0416\u0438\u043b\u044c\u0451\\\"\",\"label\":\"\u0416\u0438\u043b\u044c\u0451\"},\"color\":\"negative\"},{\"action\":{\"type\":\"text\",\"payload\":\"\\\"\u041f\u043e\u0434\u043f\u043e\u043b\u044c\u0435\\\"\",\"label\":\"\u041f\u043e\u0434\u043f\u043e\u043b\u044c\u0435\"},\"color\":\"negative\"}],[{\"action\":{\"type\":\"text\",\"payload\":\"\\\"\u041f\u0440\u043e\u0432\u0438\u043d\u0446\u0438\u044f\\\"\",\"label\":\"+++\u0433\u043e\u0440\u043e\u0434+++\"},\"color\":\"default\"}]],\"inline\":false}"},{"key":"v","value":"5.103"},{"key":"random_id","value":"-1945989710"}]}}
[Exception]: код ошибки: 901
[Exception]: файл: /home/u0kleonido/domains/leosbot.host/public_html/memory/version_2A/vendor/digitalstars/vk_api/src/vk_api.php:230
[Exception]: путь ошибки: #0 /home/u0kleonido/domains/leosbot.host/public_html/memory/version_2A/vendor/digitalstars/vk_api/src/vk_api.php(428): DigitalStar\vk_api\vk_api->request('messages.send', Array)
#1 /home/u0kleonido/domains/leosbot.host/public_html/memory/version_2A/button.php(591): DigitalStar\vk_api\vk_api->sendButton(-190064973, '\xD0\x92\xD1\x8B\xD1\x81\xD1\x8B\xD0\xBB\xD0\xB0\xD1\x8E ...', Array)
#2 {main}
[Exception]: возникла ошибка:
[Exception]: текст: {"error":{"error_code":901,"error_msg":"Can't send messages for users without permission","request_params":[{"key":"method","value":"messages.send"},{"key":"oauth","value":"1"},{"key":"peer_id","value":"-190064973"},{"key":"keyboard","value":"{\"one_time\":false,\"buttons\":[[{\"action\":{\"type\":\"text\",\"payload\":\"\\\"\u041c\u0430\u0433\u0430\u0437\u0438\u043d | \u041f\u043e\u043a\u0443\u043f\u043a\u0430\\\"\",\"label\":\"\u041f\u043e\u043a\u0443\u043f\u043a\u0430\"},\"color\":\"positive\"},{\"action\":{\"type\":\"text\",\"payload\":\"\\\"\u041c\u0430\u0433\u0430\u0437\u0438\u043d | \u041f\u0440\u043e\u0434\u0430\u0436\u0430\\\"\",\"label\":\"\u041f\u0440\u043e\u0434\u0430\u0436\u0430\"},\"color\":\"negative\"}],[{\"action\":{\"type\":\"text\",\"payload\":\"\\\"\u0426\u0435\u043d\u0442\u0440\\\"\",\"label\":\"\u0426\u0435\u043d\u0442\u0440 \u0433\u043e\u0440\u043e\u0434\u0430\"},\"color\":\"default\"}]],\"inline\":false}"},{"key":"v","value":"5.103"},{"key":"random_id","value":"-1118701518"}]}}
[Exception]: код ошибки: 901
[Exception]: файл: /home/u0kleonido/domains/leosbot.host/public_html/memory/version_2A/vendor/digitalstars/vk_api/src/vk_api.php:230
[Exception]: путь ошибки: #0 /home/u0kleonido/domains/leosbot.host/public_html/memory/version_2A/vendor/digitalstars/vk_api/src/vk_api.php(428): DigitalStar\vk_api\vk_api->request('messages.send', Array)
#1 /home/u0kleonido/domains/leosbot.host/public_html/memory/version_2A/button.php(591): DigitalStar\vk_api\vk_api->sendButton(-190064973, '\xD0\x92\xD1\x8B\xD1\x81\xD1\x8B\xD0\xBB\xD0\xB0\xD1\x8E ...', Array)
#2 {main}
[Exception]: возникла ошибка:
[Exception]: текст: {"error":{"error_code":901,"error_msg":"Can't send messages for users without permission","request_params":[{"key":"method","value":"messages.send"},{"key":"oauth","value":"1"},{"key":"peer_id","value":"-190064973"},{"key":"keyboard","value":"{\"one_time\":false,\"buttons\":[[{\"action\":{\"type\":\"text\",\"payload\":\"\\\"\u041c\u0430\u0433\u0430\u0437\u0438\u043d | \u041f\u043e\u043a\u0443\u043f\u043a\u0430 | \u041e\u0440\u0443\u0436\u0438\u0435\\\"\",\"label\":\"\u041e\u0440\u0443\u0436\u0438\u0435\"},\"color\":\"positive\"},{\"action\":{\"type\":\"text\",\"payload\":\"\\\"\u041c\u0430\u0433\u0430\u0437\u0438\u043d | \u041f\u043e\u043a\u0443\u043f\u043a\u0430 | \u0417\u0430\u0449\u0438\u0442\u0430\\\"\",\"label\":\"\u0417\u0430\u0449\u0438\u0442\u0430\"},\"color\":\"primary\"},{\"action\":{\"type\":\"text\",\"payload\":\"\\\"\u041c\u0430\u0433\u0430\u0437\u0438\u043d | \u041f\u043e\u043a\u0443\u043f\u043a\u0430 | \u0414\u0440\u0443\u0433\u043e\u0435\\\"\",\"label\":\"\u0414\u0440\u0443\u0433\u043e\u0435\"},\"color\":\"negative\"}],[{\"action\":{\"type\":\"text\",\"payload\":\"\\\"\u041c\u0430\u0433\u0430\u0437\u0438\u043d\\\"\",\"label\":\"\u0412\u044b\u0439\u0442\u0438 \u0438\u0437 \u043c\u0435\u043d\u044e \u043f\u043e\u043a\u0443\u043f\u043a\u0438\"},\"color\":\"default\"}]],\"inline\":false}"},{"key":"v","value":"5.103"},{"key":"random_id","value":"-305965224"}]}}
[Exception]: код ошибки: 901
[Exception]: файл: /home/u0kleonido/domains/leosbot.host/public_html/memory/version_2A/vendor/digitalstars/vk_api/src/vk_api.php:230
[Exception]: путь ошибки: #0 /home/u0kleonido/domains/leosbot.host/public_html/memory/version_2A/vendor/digitalstars/vk_api/src/vk_api.php(428): DigitalStar\vk_api\vk_api->request('messages.send', Array)
#1 /home/u0kleonido/domains/leosbot.host/public_html/memory/version_2A/button.php(591): DigitalStar\vk_api\vk_api->sendButton(-190064973, '\xD0\x92\xD1\x8B\xD1\x81\xD1\x8B\xD0\xBB\xD0\xB0\xD1\x8E ...', Array)
#2 {main}
[Exception]: возникла ошибка:
[Exception]: текст: {"error":{"error_code":901,"error_msg":"Can't send messages for users without permission","request_params":[{"key":"method","value":"messages.send"},{"key":"oauth","value":"1"},{"key":"peer_id","value":"-190064973"},{"key":"keyboard","value":"{\"one_time\":false,\"buttons\":[[{\"action\":{\"type\":\"text\",\"payload\":\"\\\"\u041c\u0430\u0433\u0430\u0437\u0438\u043d | \u041f\u043e\u043a\u0443\u043f\u043a\u0430 | \u041c\u0435\u043d\u044e\\\"\",\"label\":\"\u0411\u043b\u0438\u0436\u043d\u0438\u0439 \u0431\u043e\u0439\"},\"color\":\"positive\"},{\"action\":{\"type\":\"text\",\"payload\":\"\\\"\u041c\u0430\u0433\u0430\u0437\u0438\u043d | \u041f\u043e\u043a\u0443\u043f\u043a\u0430 | \u041c\u0435\u043d\u044e\\\"\",\"label\":\"\u0414\u0430\u043b\u044c\u043d\u0438\u0439 \u0431\u043e\u0439\"},\"color\":\"positive\"},{\"action\":{\"type\":\"text\",\"payload\":\"\\\"\u041c\u0430\u0433\u0430\u0437\u0438\u043d | \u041f\u043e\u043a\u0443\u043f\u043a\u0430 | \u041c\u0435\u043d\u044e\\\"\",\"label\":\"\u0411\u043e\u043c\u0431\u044b\"},\"color\":\"positive\"}],[{\"action\":{\"type\":\"text\",\"payload\":\"\\\"\u041c\u0430\u0433\u0430\u0437\u0438\u043d | \u041f\u043e\u043a\u0443\u043f\u043a\u0430\\\"\",\"label\":\"\u0412\u0435\u0440\u043d\u0443\u0442\u044c\u0441\u044f\"},\"color\":\"default\"}]],\"inline\":false}"},{"key":"v","value":"5.103"},{"key":"random_id","value":"-1453550506"}]}}
[Exception]: код ошибки: 901
[Exception]: файл: /home/u0kleonido/domains/leosbot.host/public_html/memory/version_2A/vendor/digitalstars/vk_api/src/vk_api.php:230
[Exception]: путь ошибки: #0 /home/u0kleonido/domains/leosbot.host/public_html/memory/version_2A/vendor/digitalstars/vk_api/src/vk_api.php(428): DigitalStar\vk_api\vk_api->request('messages.send', Array)
#1 /home/u0kleonido/domains/leosbot.host/public_html/memory/version_2A/button.php(591): DigitalStar\vk_api\vk_api->sendButton(-190064973, '\xD0\x92\xD1\x8B\xD1\x81\xD1\x8B\xD0\xBB\xD0\xB0\xD1\x8E ...', Array)
#2 {main}
[Exception]: возникла ошибка:
[Exception]: текст: {"error":{"error_code":901,"error_msg":"Can't send messages for users without permission","request_params":[{"key":"method","value":"messages.send"},{"key":"oauth","value":"1"},{"key":"peer_id","value":"-190064973"},{"key":"keyboard","value":"{\"one_time\":false,\"buttons\":[[{\"action\":{\"type\":\"text\",\"payload\":\"\\\"\u041c\u0430\u0433\u0430\u0437\u0438\u043d | \u041f\u043e\u043a\u0443\u043f\u043a\u0430 | \u041e\u0440\u0443\u0436\u0438\u0435\\\"\",\"label\":\"\u041e\u0440\u0443\u0436\u0438\u0435\"},\"color\":\"positive\"},{\"action\":{\"type\":\"text\",\"payload\":\"\\\"\u041c\u0430\u0433\u0430\u0437\u0438\u043d | \u041f\u043e\u043a\u0443\u043f\u043a\u0430 | \u0417\u0430\u0449\u0438\u0442\u0430\\\"\",\"label\":\"\u0417\u0430\u0449\u0438\u0442\u0430\"},\"color\":\"primary\"},{\"action\":{\"type\":\"text\",\"payload\":\"\\\"\u041c\u0430\u0433\u0430\u0437\u0438\u043d | \u041f\u043e\u043a\u0443\u043f\u043a\u0430 | \u0414\u0440\u0443\u0433\u043e\u0435\\\"\",\"label\":\"\u0414\u0440\u0443\u0433\u043e\u0435\"},\"color\":\"negative\"}],[{\"action\":{\"type\":\"text\",\"payload\":\"\\\"\u041c\u0430\u0433\u0430\u0437\u0438\u043d\\\"\",\"label\":\"\u0412\u044b\u0439\u0442\u0438 \u0438\u0437 \u043c\u0435\u043d\u044e \u043f\u043e\u043a\u0443\u043f\u043a\u0438\"},\"color\":\"default\"}]],\"inline\":false}"},{"key":"v","value":"5.103"},{"key":"random_id","value":"-1188466412"}]}}
[Exception]: код ошибки: 901
[Exception]: файл: /home/u0kleonido/domains/leosbot.host/public_html/memory/version_2A/vendor/digitalstars/vk_api/src/vk_api.php:230
[Exception]: путь ошибки: #0 /home/u0kleonido/domains/leosbot.host/public_html/memory/version_2A/vendor/digitalstars/vk_api/src/vk_api.php(428): DigitalStar\vk_api\vk_api->request('messages.send', Array)
#1 /home/u0kleonido/domains/leosbot.host/public_html/memory/version_2A/button.php(591): DigitalStar\vk_api\vk_api->sendButton(-190064973, '\xD0\x92\xD1\x8B\xD1\x81\xD1\x8B\xD0\xBB\xD0\xB0\xD1\x8E ...', Array)
#2 {main}
[Exception]: возникла ошибка:
[Exception]: текст: {"error":{"error_code":901,"error_msg":"Can't send messages for users without permission","request_params":[{"key":"method","value":"messages.send"},{"key":"oauth","value":"1"},{"key":"peer_id","value":"-190064973"},{"key":"keyboard","value":"{\"one_time\":false,\"buttons\":[[{\"action\":{\"type\":\"text\",\"payload\":\"\\\"\u041c\u0430\u0433\u0430\u0437\u0438\u043d | \u041f\u043e\u043a\u0443\u043f\u043a\u0430 | \u041c\u0435\u043d\u044e\\\"\",\"label\":\"\u0411\u0440\u043e\u043d\u044f\"},\"color\":\"primary\"},{\"action\":{\"type\":\"text\",\"payload\":\"\\\"\u041c\u0430\u0433\u0430\u0437\u0438\u043d | \u041f\u043e\u043a\u0443\u043f\u043a\u0430 | \u041c\u0435\u043d\u044e\\\"\",\"label\":\"\u0429\u0438\u0442\u044b\"},\"color\":\"primary\"},{\"action\":{\"type\":\"text\",\"payload\":\"\\\"\u041c\u0430\u0433\u0430\u0437\u0438\u043d | \u041f\u043e\u043a\u0443\u043f\u043a\u0430 | \u041c\u0435\u043d\u044e\\\"\",\"label\":\"\u0410\u043f\u0442\u0435\u0447\u043a\u0438\"},\"color\":\"primary\"}],[{\"action\":{\"type\":\"text\",\"payload\":\"\\\"\u041c\u0430\u0433\u0430\u0437\u0438\u043d | \u041f\u043e\u043a\u0443\u043f\u043a\u0430\\\"\",\"label\":\"\u0412\u0435\u0440\u043d\u0443\u0442\u044c\u0441\u044f\"},\"color\":\"default\"}]],\"inline\":false}"},{"key":"v","value":"5.103"},{"key":"random_id","value":"878887390"}]}}
[Exception]: код ошибки: 901
[Exception]: файл: /home/u0kleonido/domains/leosbot.host/public_html/memory/version_2A/vendor/digitalstars/vk_api/src/vk_api.php:230
[Exception]: путь ошибки: #0 /home/u0kleonido/domains/leosbot.host/public_html/memory/version_2A/vendor/digitalstars/vk_api/src/vk_api.php(428): DigitalStar\vk_api\vk_api->request('messages.send', Array)
#1 /home/u0kleonido/domains/leosbot.host/public_html/memory/version_2A/button.php(591): DigitalStar\vk_api\vk_api->sendButton(-190064973, '\xD0\x92\xD1\x8B\xD1\x81\xD1\x8B\xD0\xBB\xD0\xB0\xD1\x8E ...', Array)
#2 {main}
[Exception]: возникла ошибка:
[Exception]: текст: {"error":{"error_code":901,"error_msg":"Can't send messages for users without permission","request_params":[{"key":"method","value":"messages.send"},{"key":"oauth","value":"1"},{"key":"peer_id","value":"-190064973"},{"key":"keyboard","value":"{\"one_time\":false,\"buttons\":[[{\"action\":{\"type\":\"text\",\"payload\":\"\\\"\u041c\u0430\u0433\u0430\u0437\u0438\u043d | \u041f\u043e\u043a\u0443\u043f\u043a\u0430 | \u041e\u0440\u0443\u0436\u0438\u0435\\\"\",\"label\":\"\u041e\u0440\u0443\u0436\u0438\u0435\"},\"color\":\"positive\"},{\"action\":{\"type\":\"text\",\"payload\":\"\\\"\u041c\u0430\u0433\u0430\u0437\u0438\u043d | \u041f\u043e\u043a\u0443\u043f\u043a\u0430 | \u0417\u0430\u0449\u0438\u0442\u0430\\\"\",\"label\":\"\u0417\u0430\u0449\u0438\u0442\u0430\"},\"color\":\"primary\"},{\"action\":{\"type\":\"text\",\"payload\":\"\\\"\u041c\u0430\u0433\u0430\u0437\u0438\u043d | \u041f\u043e\u043a\u0443\u043f\u043a\u0430 | \u0414\u0440\u0443\u0433\u043e\u0435\\\"\",\"label\":\"\u0414\u0440\u0443\u0433\u043e\u0435\"},\"color\":\"negative\"}],[{\"action\":{\"type\":\"text\",\"payload\":\"\\\"\u041c\u0430\u0433\u0430\u0437\u0438\u043d\\\"\",\"label\":\"\u0412\u044b\u0439\u0442\u0438 \u0438\u0437 \u043c\u0435\u043d\u044e \u043f\u043e\u043a\u0443\u043f\u043a\u0438\"},\"color\":\"default\"}]],\"inline\":false}"},{"key":"v","value":"5.103"},{"key":"random_id","value":"623157622"}]}}
[Exception]: код ошибки: 901
[Exception]: файл: /home/u0kleonido/domains/leosbot.host/public_html/memory/version_2A/vendor/digitalstars/vk_api/src/vk_api.php:230
[Exception]: путь ошибки: #0 /home/u0kleonido/domains/leosbot.host/public_html/memory/version_2A/vendor/digitalstars/vk_api/src/vk_api.php(428): DigitalStar\vk_api\vk_api->request('messages.send', Array)
#1 /home/u0kleonido/domains/leosbot.host/public_html/memory/version_2A/button.php(591): DigitalStar\vk_api\vk_api->sendButton(-190064973, '\xD0\x92\xD1\x8B\xD1\x81\xD1\x8B\xD0\xBB\xD0\xB0\xD1\x8E ...', Array)
#2 {main}
[Exception]: возникла ошибка:
[Exception]: текст: {"error":{"error_code":901,"error_msg":"Can't send messages for users without permission","request_params":[{"key":"method","value":"messages.send"},{"key":"oauth","value":"1"},{"key":"peer_id","value":"-190064973"},{"key":"keyboard","value":"{\"one_time\":false,\"buttons\":[[{\"action\":{\"type\":\"text\",\"payload\":\"\\\"\u041c\u0430\u0433\u0430\u0437\u0438\u043d | \u041f\u043e\u043a\u0443\u043f\u043a\u0430 | \u041c\u0435\u043d\u044e\\\"\",\"label\":\"\u0422\u0440\u0430\u043d\u0441\u043f\u043e\u0440\u0442\"},\"color\":\"negative\"},{\"action\":{\"type\":\"text\",\"payload\":\"\\\"\u041c\u0430\u0433\u0430\u0437\u0438\u043d | \u041f\u043e\u043a\u0443\u043f\u043a\u0430 | \u041c\u0435\u043d\u044e\\\"\",\"label\":\"\u0420\u044e\u043a\u0437\u0430\u043a\u0438\"},\"color\":\"negative\"},{\"action\":{\"type\":\"text\",\"payload\":\"\\\"\u041c\u0430\u0433\u0430\u0437\u0438\u043d | \u041f\u043e\u043a\u0443\u043f\u043a\u0430 | \u041c\u0435\u043d\u044e\\\"\",\"label\":\"\u041f\u043e\u043b\u0435\u0437\u043d\u043e\u0435\"},\"color\":\"negative\"}],[{\"action\":{\"type\":\"text\",\"payload\":\"\\\"\u041c\u0430\u0433\u0430\u0437\u0438\u043d | \u041f\u043e\u043a\u0443\u043f\u043a\u0430\\\"\",\"label\":\"\u0412\u0435\u0440\u043d\u0443\u0442\u044c\u0441\u044f\"},\"color\":\"default\"}]],\"inline\":false}"},{"key":"v","value":"5.103"},{"key":"random_id","value":"-1667581410"}]}}
[Exception]: код ошибки: 901
[Exception]: файл: /home/u0kleonido/domains/leosbot.host/public_html/memory/version_2A/vendor/digitalstars/vk_api/src/vk_api.php:230
[Exception]: путь ошибки: #0 /home/u0kleonido/domains/leosbot.host/public_html/memory/version_2A/vendor/digitalstars/vk_api/src/vk_api.php(428): DigitalStar\vk_api\vk_api->request('messages.send', Array)
#1 /home/u0kleonido/domains/leosbot.host/public_html/memory/version_2A/button.php(591): DigitalStar\vk_api\vk_api->sendButton(-190064973, '\xD0\x92\xD1\x8B\xD1\x81\xD1\x8B\xD0\xBB\xD0\xB0\xD1\x8E ...', Array)
#2 {main}
[Exception]: возникла ошибка:
[Exception]: текст: {"error":{"error_code":901,"error_msg":"Can't send messages for users without permission","request_params":[{"key":"method","value":"messages.send"},{"key":"oauth","value":"1"},{"key":"peer_id","value":"-190064973"},{"key":"keyboard","value":"{\"one_time\":false,\"buttons\":[[{\"action\":{\"type\":\"text\",\"payload\":\"\\\"\u041c\u0430\u0433\u0430\u0437\u0438\u043d | \u041f\u043e\u043a\u0443\u043f\u043a\u0430 | \u0412\u044b\u0431\u043e\u0440\\\"\",\"label\":\"***\u0432\u044b\u0431\u043e\u0440***\"},\"color\":\"positive\"}],[{\"action\":{\"type\":\"text\",\"payload\":\"\\\"\u041c\u0430\u0433\u0430\u0437\u0438\u043d | \u041f\u043e\u043a\u0443\u043f\u043a\u0430\\\"\",\"label\":\"\u0412\u0435\u0440\u043d\u0443\u0442\u044c\u0441\u044f \u0432 \u043c\u0435\u043d\u044e \u043f\u043e\u043a\u0443\u043f\u043a\u0438\"},\"color\":\"default\"}]],\"inline\":false}"},{"key":"v","value":"5.103"},{"key":"random_id","value":"787937552"}]}}
[Exception]: код ошибки: 901
[Exception]: файл: /home/u0kleonido/domains/leosbot.host/public_html/memory/version_2A/vendor/digitalstars/vk_api/src/vk_api.php:230
[Exception]: путь ошибки: #0 /home/u0kleonido/domains/leosbot.host/public_html/memory/version_2A/vendor/digitalstars/vk_api/src/vk_api.php(428): DigitalStar\vk_api\vk_api->request('messages.send', Array)
#1 /home/u0kleonido/domains/leosbot.host/public_html/memory/version_2A/button.php(591): DigitalStar\vk_api\vk_api->sendButton(-190064973, '\xD0\x92\xD1\x8B\xD1\x81\xD1\x8B\xD0\xBB\xD0\xB0\xD1\x8E ...', Array)
#2 {main}
