[Exception]: возникла ошибка:
[Exception]: текст: {"error":{"error_code":911,"error_msg":"Keyboard format is invalid: button [0][0] label should be at least 1 letters length","request_params":[{"key":"method","value":"messages.send"},{"key":"oauth","value":"1"},{"key":"peer_id","value":"340582361"},{"key":"keyboard","value":"{\"one_time\":false,\"buttons\":[[{\"action\":{\"type\":\"text\",\"payload\":\"\\\"\u0420\u0430\u0431\u043e\u0442\u0430 | \u0420\u0430\u0431\u043e\u0442\u0430\u0442\u044c\\\"\",\"label\":\"\"},\"color\":\"positive\"}]],\"inline\":false}"},{"key":"v","value":"5.103"},{"key":"random_id","value":"822802358"}]}}
[Exception]: код ошибки: 911
[Exception]: файл: /var/www/www-root/data/www/www.academy.com/perimeter_83/v2.0/vendor/digitalstars/vk_api/src/vk_api.php:230
[Exception]: путь ошибки: #0 /var/www/www-root/data/www/www.academy.com/perimeter_83/v2.0/vendor/digitalstars/vk_api/src/vk_api.php(428): DigitalStar\vk_api\vk_api->request('messages.send', Array)
#1 /var/www/www-root/data/www/www.academy.com/perimeter_83/v2.0/button.php(124): DigitalStar\vk_api\vk_api->sendButton(340582361, '\xD0\x92\xD1\x8B\xD1\x81\xD1\x8B\xD0\xBB\xD0\xB0\xD1\x8E ...', Array)
#2 {main}
[Exception]: возникла ошибка:
[Exception]: текст: {"error":{"error_code":911,"error_msg":"Keyboard format is invalid: button [0][0] label should be at least 1 letters length","request_params":[{"key":"method","value":"messages.send"},{"key":"oauth","value":"1"},{"key":"peer_id","value":"340582361"},{"key":"keyboard","value":"{\"one_time\":false,\"buttons\":[[{\"action\":{\"type\":\"text\",\"payload\":\"\\\"\u0420\u0430\u0431\u043e\u0442\u0430 | \u0420\u0430\u0431\u043e\u0442\u0430\u0442\u044c\\\"\",\"label\":\"\"},\"color\":\"positive\"}]],\"inline\":false}"},{"key":"v","value":"5.103"},{"key":"random_id","value":"-247799839"}]}}
[Exception]: код ошибки: 911
[Exception]: файл: /var/www/www-root/data/www/www.academy.com/perimeter_83/v2.0/vendor/digitalstars/vk_api/src/vk_api.php:230
[Exception]: путь ошибки: #0 /var/www/www-root/data/www/www.academy.com/perimeter_83/v2.0/vendor/digitalstars/vk_api/src/vk_api.php(428): DigitalStar\vk_api\vk_api->request('messages.send', Array)
#1 /var/www/www-root/data/www/www.academy.com/perimeter_83/v2.0/button.php(124): DigitalStar\vk_api\vk_api->sendButton(340582361, '\xD0\x92\xD1\x8B\xD1\x81\xD1\x8B\xD0\xBB\xD0\xB0\xD1\x8E ...', Array)
#2 {main}
[Exception]: возникла ошибка:
[Exception]: текст: {"error":{"error_code":911,"error_msg":"Keyboard format is invalid: button [0][0] label should be at least 1 letters length","request_params":[{"key":"method","value":"messages.send"},{"key":"oauth","value":"1"},{"key":"peer_id","value":"340582361"},{"key":"keyboard","value":"{\"one_time\":false,\"buttons\":[[{\"action\":{\"type\":\"text\",\"payload\":\"\\\"\u0420\u0430\u0431\u043e\u0442\u0430 | \u0420\u0430\u0431\u043e\u0442\u0430\u0442\u044c\\\"\",\"label\":\"\"},\"color\":\"positive\"}]],\"inline\":false}"},{"key":"v","value":"5.103"},{"key":"random_id","value":"1786781937"}]}}
[Exception]: код ошибки: 911
[Exception]: файл: /var/www/www-root/data/www/www.academy.com/perimeter_83/v2.0/vendor/digitalstars/vk_api/src/vk_api.php:230
[Exception]: путь ошибки: #0 /var/www/www-root/data/www/www.academy.com/perimeter_83/v2.0/vendor/digitalstars/vk_api/src/vk_api.php(428): DigitalStar\vk_api\vk_api->request('messages.send', Array)
#1 /var/www/www-root/data/www/www.academy.com/perimeter_83/v2.0/button.php(124): DigitalStar\vk_api\vk_api->sendButton(340582361, '\xD0\x92\xD1\x8B\xD1\x81\xD1\x8B\xD0\xBB\xD0\xB0\xD1\x8E ...', Array)
#2 {main}
[Exception]: возникла ошибка:
[Exception]: текст: {"error":{"error_code":911,"error_msg":"Keyboard format is invalid: button [0][0] label should be at least 1 letters length","request_params":[{"key":"method","value":"messages.send"},{"key":"oauth","value":"1"},{"key":"peer_id","value":"340582361"},{"key":"keyboard","value":"{\"one_time\":false,\"buttons\":[[{\"action\":{\"type\":\"text\",\"payload\":\"\\\"\u0420\u0430\u0431\u043e\u0442\u0430 | \u0420\u0430\u0431\u043e\u0442\u0430\u0442\u044c\\\"\",\"label\":\"\"},\"color\":\"positive\"}]],\"inline\":false}"},{"key":"v","value":"5.103"},{"key":"random_id","value":"664900989"}]}}
[Exception]: код ошибки: 911
[Exception]: файл: /var/www/www-root/data/www/www.academy.com/perimeter_83/v2.0/vendor/digitalstars/vk_api/src/vk_api.php:230
[Exception]: путь ошибки: #0 /var/www/www-root/data/www/www.academy.com/perimeter_83/v2.0/vendor/digitalstars/vk_api/src/vk_api.php(428): DigitalStar\vk_api\vk_api->request('messages.send', Array)
#1 /var/www/www-root/data/www/www.academy.com/perimeter_83/v2.0/button.php(124): DigitalStar\vk_api\vk_api->sendButton(340582361, '\xD0\x92\xD1\x8B\xD1\x81\xD1\x8B\xD0\xBB\xD0\xB0\xD1\x8E ...', Array)
#2 {main}
[Exception]: возникла ошибка:
[Exception]: текст: {"error":{"error_code":911,"error_msg":"Keyboard format is invalid: button [0][0] label should be at least 1 letters length","request_params":[{"key":"method","value":"messages.send"},{"key":"oauth","value":"1"},{"key":"peer_id","value":"340582361"},{"key":"keyboard","value":"{\"one_time\":false,\"buttons\":[[{\"action\":{\"type\":\"text\",\"payload\":\"\\\"\u0420\u0430\u0431\u043e\u0442\u0430 | \u0420\u0430\u0431\u043e\u0442\u0430\u0442\u044c\\\"\",\"label\":\"\"},\"color\":\"positive\"}]],\"inline\":false}"},{"key":"v","value":"5.103"},{"key":"random_id","value":"-1870909985"}]}}
[Exception]: код ошибки: 911
[Exception]: файл: /var/www/www-root/data/www/www.academy.com/perimeter_83/v2.0/vendor/digitalstars/vk_api/src/vk_api.php:230
[Exception]: путь ошибки: #0 /var/www/www-root/data/www/www.academy.com/perimeter_83/v2.0/vendor/digitalstars/vk_api/src/vk_api.php(428): DigitalStar\vk_api\vk_api->request('messages.send', Array)
#1 /var/www/www-root/data/www/www.academy.com/perimeter_83/v2.0/button.php(124): DigitalStar\vk_api\vk_api->sendButton(340582361, '\xD0\x92\xD1\x8B\xD1\x81\xD1\x8B\xD0\xBB\xD0\xB0\xD1\x8E ...', Array)
#2 {main}
[Exception]: возникла ошибка:
[Exception]: текст: {"error":{"error_code":911,"error_msg":"Keyboard format is invalid: button [1][0] label should be at least 1 letters length","request_params":[{"key":"method","value":"messages.send"},{"key":"oauth","value":"1"},{"key":"peer_id","value":"340582361"},{"key":"keyboard","value":"{\"one_time\":false,\"buttons\":[[{\"action\":{\"type\":\"text\",\"payload\":\"\\\"\u0420\u0430\u0431\u043e\u0442\u0430 | \u0420\u0430\u0431\u043e\u0442\u0430\u0442\u044c\\\"\",\"label\":\"\"},\"color\":\"positive\"}],[{\"action\":{\"type\":\"text\",\"payload\":\"\\\"\u0420\u0430\u0431\u043e\u0442\u0430 | \u0418\u043d\u0444\u043e\u0440\u043c\u0430\u0446\u0438\u044f\\\"\",\"label\":\"\"},\"color\":\"negative\"},{\"action\":{\"type\":\"text\",\"payload\":\"\\\"\u0420\u0430\u0431\u043e\u0442\u0430 | \u0412\u0430\u043a\u0430\u043d\u0441\u0438\u0438\\\"\",\"label\":\"\u0412\u0430\u043a\u0430\u043d\u0441\u0438\u0438\"},\"color\":\"negative\"}],[{\"action\":{\"type\":\"text\",\"payload\":\"[\\\"centre\\\",\\\"main\\\"]\",\"label\":\"\u0426\u0435\u043d\u0442\u0440\u0430\u043b\u044c\u043d\u0430\u044f \u043f\u043b\u043e\u0449\u0430\u0434\u044c\"},\"color\":\"default\"}]],\"inline\":false}"},{"key":"v","value":"5.103"},{"key":"random_id","value":"1144651717"}]}}
[Exception]: код ошибки: 911
[Exception]: файл: /var/www/www-root/data/www/www.academy.com/perimeter_83/v2.0/vendor/digitalstars/vk_api/src/vk_api.php:230
[Exception]: путь ошибки: #0 /var/www/www-root/data/www/www.academy.com/perimeter_83/v2.0/vendor/digitalstars/vk_api/src/vk_api.php(428): DigitalStar\vk_api\vk_api->request('messages.send', Array)
#1 /var/www/www-root/data/www/www.academy.com/perimeter_83/v2.0/button.php(124): DigitalStar\vk_api\vk_api->sendButton(340582361, '\xD0\x92\xD1\x8B\xD1\x81\xD1\x8B\xD0\xBB\xD0\xB0\xD1\x8E ...', Array)
#2 {main}
[Exception]: возникла ошибка:
[Exception]: текст: {"error":{"error_code":911,"error_msg":"Keyboard format is invalid: button [1][0] label should be at least 1 letters length","request_params":[{"key":"method","value":"messages.send"},{"key":"oauth","value":"1"},{"key":"peer_id","value":"340582361"},{"key":"keyboard","value":"{\"one_time\":false,\"buttons\":[[{\"action\":{\"type\":\"text\",\"payload\":\"\\\"\u0420\u0430\u0431\u043e\u0442\u0430 | \u0420\u0430\u0431\u043e\u0442\u0430\u0442\u044c\\\"\",\"label\":\"\"},\"color\":\"positive\"}],[{\"action\":{\"type\":\"text\",\"payload\":\"\\\"\u0420\u0430\u0431\u043e\u0442\u0430 | \u0418\u043d\u0444\u043e\u0440\u043c\u0430\u0446\u0438\u044f\\\"\",\"label\":\"\"},\"color\":\"negative\"},{\"action\":{\"type\":\"text\",\"payload\":\"\\\"\u0420\u0430\u0431\u043e\u0442\u0430 | \u0412\u0430\u043a\u0430\u043d\u0441\u0438\u0438\\\"\",\"label\":\"\u0412\u0430\u043a\u0430\u043d\u0441\u0438\u0438\"},\"color\":\"negative\"}],[{\"action\":{\"type\":\"text\",\"payload\":\"[\\\"centre\\\",\\\"main\\\"]\",\"label\":\"\u0426\u0435\u043d\u0442\u0440\u0430\u043b\u044c\u043d\u0430\u044f \u043f\u043b\u043e\u0449\u0430\u0434\u044c\"},\"color\":\"default\"}]],\"inline\":false}"},{"key":"v","value":"5.103"},{"key":"random_id","value":"-341725485"}]}}
[Exception]: код ошибки: 911
[Exception]: файл: /var/www/www-root/data/www/www.academy.com/perimeter_83/v2.0/vendor/digitalstars/vk_api/src/vk_api.php:230
[Exception]: путь ошибки: #0 /var/www/www-root/data/www/www.academy.com/perimeter_83/v2.0/vendor/digitalstars/vk_api/src/vk_api.php(428): DigitalStar\vk_api\vk_api->request('messages.send', Array)
#1 /var/www/www-root/data/www/www.academy.com/perimeter_83/v2.0/button.php(124): DigitalStar\vk_api\vk_api->sendButton(340582361, '\xD0\x92\xD1\x8B\xD1\x81\xD1\x8B\xD0\xBB\xD0\xB0\xD1\x8E ...', Array)
#2 {main}
