[Exception]: возникла ошибка:
[Exception]: текст: {"error":{"error_code":911,"error_msg":"Keyboard format is invalid: button [0][0] has invalid type","request_params":[{"key":"method","value":"messages.send"},{"key":"oauth","value":"1"},{"key":"peer_id","value":"553709956"},{"key":"keyboard","value":"{\"one_time\":false,\"buttons\":[[{\"action\":{\"type\":{\"registration\":\"\u0413\u0430\u0439\u0434\"},\"payload\":\"\\\"\u041f\u0440\u043e\u0447\u0438\u0442\u0430\u0442\u044c \u0433\u0430\u0439\u0434\\\"\"}}]],\"inline\":false}"},{"key":"v","value":"5.92"},{"key":"random_id","value":"-415798784"}]}}
[Exception]: код ошибки: 911
[Exception]: файл: /var/www/www-root/data/www/www.academy.com/perimeter_83/v2.0/vendor/digitalstars/vk_api/src/vk_api.php:230
[Exception]: путь ошибки: #0 /var/www/www-root/data/www/www.academy.com/perimeter_83/v2.0/vendor/digitalstars/vk_api/src/vk_api.php(428): DigitalStar\vk_api\vk_api->request('messages.send', Array)
#1 /var/www/www-root/data/www/www.academy.com/perimeter_83/v2.0/modules/registration.php(19): DigitalStar\vk_api\vk_api->sendButton('553709956', '*\xD0\xBB\xD0\xBE\xD1\x80*', Array)
#2 /var/www/www-root/data/www/www.academy.com/perimeter_83/v2.0/start.php(165): Start_Module('\xD0\x9B\xD0\xBE\xD1\x80', Array)
#3 {main}
[Exception]: возникла ошибка:
[Exception]: текст: {"error":{"error_code":911,"error_msg":"Keyboard format is invalid: button [0][0] has invalid type","request_params":[{"key":"method","value":"messages.send"},{"key":"oauth","value":"1"},{"key":"peer_id","value":"553709956"},{"key":"keyboard","value":"{\"one_time\":false,\"buttons\":[[{\"action\":{\"type\":{\"registration\":\"\u0413\u0430\u0439\u0434\"},\"payload\":\"\\\"\u041f\u0440\u043e\u0447\u0438\u0442\u0430\u0442\u044c \u0433\u0430\u0439\u0434\\\"\"}}]],\"inline\":false}"},{"key":"v","value":"5.92"},{"key":"random_id","value":"-1257887408"}]}}
[Exception]: код ошибки: 911
[Exception]: файл: /var/www/www-root/data/www/www.academy.com/perimeter_83/v2.0/vendor/digitalstars/vk_api/src/vk_api.php:230
[Exception]: путь ошибки: #0 /var/www/www-root/data/www/www.academy.com/perimeter_83/v2.0/vendor/digitalstars/vk_api/src/vk_api.php(428): DigitalStar\vk_api\vk_api->request('messages.send', Array)
#1 /var/www/www-root/data/www/www.academy.com/perimeter_83/v2.0/modules/registration.php(19): DigitalStar\vk_api\vk_api->sendButton('553709956', '*\xD0\xBB\xD0\xBE\xD1\x80*', Array)
#2 /var/www/www-root/data/www/www.academy.com/perimeter_83/v2.0/start.php(165): Start_Module('\xD0\x9B\xD0\xBE\xD1\x80', Array)
#3 {main}
[Exception]: возникла ошибка:
[Exception]: текст: {"error":{"error_code":911,"error_msg":"Keyboard format is invalid: button [0][0] has invalid type","request_params":[{"key":"method","value":"messages.send"},{"key":"oauth","value":"1"},{"key":"peer_id","value":"553709956"},{"key":"keyboard","value":"{\"one_time\":false,\"buttons\":[[{\"action\":{\"type\":{\"registration\":\"\u0413\u0430\u0439\u0434\"},\"payload\":\"\\\"\u041f\u0440\u043e\u0447\u0438\u0442\u0430\u0442\u044c \u0433\u0430\u0439\u0434\\\"\"}}]],\"inline\":false}"},{"key":"v","value":"5.92"},{"key":"random_id","value":"1445558915"}]}}
[Exception]: код ошибки: 911
[Exception]: файл: /var/www/www-root/data/www/www.academy.com/perimeter_83/v2.0/vendor/digitalstars/vk_api/src/vk_api.php:230
[Exception]: путь ошибки: #0 /var/www/www-root/data/www/www.academy.com/perimeter_83/v2.0/vendor/digitalstars/vk_api/src/vk_api.php(428): DigitalStar\vk_api\vk_api->request('messages.send', Array)
#1 /var/www/www-root/data/www/www.academy.com/perimeter_83/v2.0/modules/registration.php(20): DigitalStar\vk_api\vk_api->sendButton('553709956', '*\xD0\xBB\xD0\xBE\xD1\x80*', Array)
#2 /var/www/www-root/data/www/www.academy.com/perimeter_83/v2.0/start.php(165): Start_Module('\xD0\x9B\xD0\xBE\xD1\x80', Array)
#3 {main}
[Exception]: возникла ошибка:
[Exception]: текст: {"error":{"error_code":911,"error_msg":"Keyboard format is invalid: button [0][0] has invalid type","request_params":[{"key":"method","value":"messages.send"},{"key":"oauth","value":"1"},{"key":"peer_id","value":"553709956"},{"key":"keyboard","value":"{\"one_time\":false,\"buttons\":[[{\"action\":{\"type\":{\"registration\":\"\u0413\u0430\u0439\u0434\"},\"payload\":\"\\\"\u041f\u0440\u043e\u0447\u0438\u0442\u0430\u0442\u044c \u0433\u0430\u0439\u0434\\\"\"}}]],\"inline\":false}"},{"key":"v","value":"5.92"},{"key":"random_id","value":"1745616117"}]}}
[Exception]: код ошибки: 911
[Exception]: файл: /var/www/www-root/data/www/www.academy.com/perimeter_83/v2.0/vendor/digitalstars/vk_api/src/vk_api.php:230
[Exception]: путь ошибки: #0 /var/www/www-root/data/www/www.academy.com/perimeter_83/v2.0/vendor/digitalstars/vk_api/src/vk_api.php(428): DigitalStar\vk_api\vk_api->request('messages.send', Array)
#1 /var/www/www-root/data/www/www.academy.com/perimeter_83/v2.0/modules/registration.php(20): DigitalStar\vk_api\vk_api->sendButton('553709956', '*\xD0\xBB\xD0\xBE\xD1\x80*', Array)
#2 /var/www/www-root/data/www/www.academy.com/perimeter_83/v2.0/start.php(165): Start_Module('\xD0\x9B\xD0\xBE\xD1\x80', Array)
#3 {main}
[Exception]: возникла ошибка:
[Exception]: текст: {"error":{"error_code":911,"error_msg":"Keyboard format is invalid: button [3][0] has invalid type","request_params":[{"key":"method","value":"messages.send"},{"key":"oauth","value":"1"},{"key":"peer_id","value":"553709956"},{"key":"keyboard","value":"{\"one_time\":false,\"buttons\":[[{\"action\":{\"type\":{\"\u0413\u043e\u0440\u043e\u0434\":\"\u0413\u043e\u0440\u043e\u0434 | \u0410\u0440\u043c\u0438\u044f\"},\"payload\":\"\\\"\u0410\u0440\u043c\u0438\u044f\\\"\"}},{\"action\":{\"type\":{\"\u0413\u043e\u0440\u043e\u0434\":\"\u0413\u043e\u0440\u043e\u0434 | \u041d\u0430\u043b\u043e\u0433\u0438\"},\"payload\":\"\\\"\u041d\u0430\u043b\u043e\u0433\u043e\u0432\u0430\u044f \u043f\u043e\u043b\u0438\u0442\u0438\u043a\u0430\\\"\"}}],[{\"action\":{\"type\":{\"\u0413\u043e\u0440\u043e\u0434\":\"\u0413\u043e\u0440\u043e\u0434 | \u041e\u0431\u043b\u0430\u0441\u0442\u044c\"},\"payload\":\"\\\"\u0423\u043f\u0440\u0430\u0432\u043b\u0435\u043d\u0438\u0435 \u043e\u0431\u043b\u0430\u0441\u0442\u044c\u044e\\\"\"}}],[{\"action\":{\"type\":{\"\u0413\u043e\u0440\u043e\u0434\":\"\u0413\u043e\u0440\u043e\u0434 | \u041a\u0430\u0437\u043d\u0430\"},\"payload\":\"\\\"\u0421\u043e\u0431\u0440\u0430\u0442\u044c \u0441\u043c\u0435\u0442\u0443\\\"\"}},{\"action\":{\"type\":{\"\u0413\u043e\u0440\u043e\u0434\":\"\u0413\u043e\u0440\u043e\u0434 | \u0418\u043d\u0444\u043e\u0440\u043c\u0430\u0446\u0438\u044f\"},\"payload\":\"\\\"\u0418\u043d\u0444\u043e\u0440\u043c\u0430\u0446\u0438\u044f\\\"\"}}],[{\"action\":{\"type\":{\"city\":\"exit_in_town\"},\"payload\":\"\\\"\u0417\u0430\u043a\u0440\u044b\u0442\u044c \u043e\u043a\u043d\u043e \u0433\u043e\u0440\u043e\u0434\u0430\\\"\"}}]],\"inline\":false}"},{"key":"v","value":"5.92"},{"key":"random_id","value":"-1489944610"}]}}
[Exception]: код ошибки: 911
[Exception]: файл: /var/www/www-root/data/www/www.academy.com/perimeter_83/v2.0/vendor/digitalstars/vk_api/src/vk_api.php:230
[Exception]: путь ошибки: #0 /var/www/www-root/data/www/www.academy.com/perimeter_83/v2.0/vendor/digitalstars/vk_api/src/vk_api.php(428): DigitalStar\vk_api\vk_api->request('messages.send', Array)
#1 /var/www/www-root/data/www/www.academy.com/perimeter_83/v2.0/modules/registration.php(29): DigitalStar\vk_api\vk_api->sendButton('553709956', '*\xD0\xBE\xD0\xBA\xD0\xBD\xD0\xBE \xD0\xB8\xD0\xB3\xD1...', Array)
#2 /var/www/www-root/data/www/www.academy.com/perimeter_83/v2.0/start.php(165): Start_Module('\xD0\x9E\xD0\xBA\xD0\xBE\xD0\xBD\xD1\x87\xD0\xB0\xD0\xBD\xD0...', Array)
#3 {main}
[Exception]: возникла ошибка:
[Exception]: текст: {"error":{"error_code":911,"error_msg":"Keyboard format is invalid: button [3][0] has invalid type","request_params":[{"key":"method","value":"messages.send"},{"key":"oauth","value":"1"},{"key":"peer_id","value":"553709956"},{"key":"keyboard","value":"{\"one_time\":false,\"buttons\":[[{\"action\":{\"type\":{\"\u0413\u043e\u0440\u043e\u0434\":\"\u0413\u043e\u0440\u043e\u0434 | \u0410\u0440\u043c\u0438\u044f\"},\"payload\":\"\\\"\u0410\u0440\u043c\u0438\u044f\\\"\"}},{\"action\":{\"type\":{\"\u0413\u043e\u0440\u043e\u0434\":\"\u0413\u043e\u0440\u043e\u0434 | \u041d\u0430\u043b\u043e\u0433\u0438\"},\"payload\":\"\\\"\u041d\u0430\u043b\u043e\u0433\u043e\u0432\u0430\u044f \u043f\u043e\u043b\u0438\u0442\u0438\u043a\u0430\\\"\"}}],[{\"action\":{\"type\":{\"\u0413\u043e\u0440\u043e\u0434\":\"\u0413\u043e\u0440\u043e\u0434 | \u041e\u0431\u043b\u0430\u0441\u0442\u044c\"},\"payload\":\"\\\"\u0423\u043f\u0440\u0430\u0432\u043b\u0435\u043d\u0438\u0435 \u043e\u0431\u043b\u0430\u0441\u0442\u044c\u044e\\\"\"}}],[{\"action\":{\"type\":{\"\u0413\u043e\u0440\u043e\u0434\":\"\u0413\u043e\u0440\u043e\u0434 | \u041a\u0430\u0437\u043d\u0430\"},\"payload\":\"\\\"\u0421\u043e\u0431\u0440\u0430\u0442\u044c \u0441\u043c\u0435\u0442\u0443\\\"\"}},{\"action\":{\"type\":{\"\u0413\u043e\u0440\u043e\u0434\":\"\u0413\u043e\u0440\u043e\u0434 | \u0418\u043d\u0444\u043e\u0440\u043c\u0430\u0446\u0438\u044f\"},\"payload\":\"\\\"\u0418\u043d\u0444\u043e\u0440\u043c\u0430\u0446\u0438\u044f\\\"\"}}],[{\"action\":{\"type\":{\"city\":\"exit_in_town\"},\"payload\":\"\\\"\u0417\u0430\u043a\u0440\u044b\u0442\u044c \u043e\u043a\u043d\u043e \u0433\u043e\u0440\u043e\u0434\u0430\\\"\"}}]],\"inline\":false}"},{"key":"v","value":"5.92"},{"key":"random_id","value":"-165946536"}]}}
[Exception]: код ошибки: 911
[Exception]: файл: /var/www/www-root/data/www/www.academy.com/perimeter_83/v2.0/vendor/digitalstars/vk_api/src/vk_api.php:230
[Exception]: путь ошибки: #0 /var/www/www-root/data/www/www.academy.com/perimeter_83/v2.0/vendor/digitalstars/vk_api/src/vk_api.php(428): DigitalStar\vk_api\vk_api->request('messages.send', Array)
#1 /var/www/www-root/data/www/www.academy.com/perimeter_83/v2.0/modules/registration.php(29): DigitalStar\vk_api\vk_api->sendButton('553709956', '*\xD0\xBE\xD0\xBA\xD0\xBD\xD0\xBE \xD0\xB8\xD0\xB3\xD1...', Array)
#2 /var/www/www-root/data/www/www.academy.com/perimeter_83/v2.0/start.php(165): Start_Module('\xD0\x9E\xD0\xBA\xD0\xBE\xD0\xBD\xD1\x87\xD0\xB0\xD0\xBD\xD0...', Array)
#3 {main}
