[Exception]: возникла ошибка:
[Exception]: текст: Разное количество аргументов и переменных при инициализации
[Exception]: код ошибки: 0
[Exception]: файл: /var/www/www-root/data/www/www.academy.com/perimeter_83/v2.0/vendor/digitalstars/vk_api/src/vk_api.php:130
[Exception]: путь ошибки: #0 /var/www/www-root/data/www/www.academy.com/perimeter_83/v2.0/start.php(22): DigitalStar\vk_api\vk_api->initVars(Array, NULL, NULL, NULL, NULL, NULL)
#1 {main}
[Exception]: возникла ошибка:
[Exception]: текст: Разное количество аргументов и переменных при инициализации
[Exception]: код ошибки: 0
[Exception]: файл: /var/www/www-root/data/www/www.academy.com/perimeter_83/v2.0/vendor/digitalstars/vk_api/src/vk_api.php:130
[Exception]: путь ошибки: #0 /var/www/www-root/data/www/www.academy.com/perimeter_83/v2.0/start.php(22): DigitalStar\vk_api\vk_api->initVars(Array, NULL, NULL, NULL, NULL, NULL)
#1 {main}
[Exception]: возникла ошибка:
[Exception]: текст: Разное количество аргументов и переменных при инициализации
[Exception]: код ошибки: 0
[Exception]: файл: /var/www/www-root/data/www/www.academy.com/perimeter_83/v2.0/vendor/digitalstars/vk_api/src/vk_api.php:130
[Exception]: путь ошибки: #0 /var/www/www-root/data/www/www.academy.com/perimeter_83/v2.0/start.php(22): DigitalStar\vk_api\vk_api->initVars(Array, NULL, NULL, NULL, NULL, NULL)
#1 {main}
[Exception]: возникла ошибка:
[Exception]: текст: Разное количество аргументов и переменных при инициализации
[Exception]: код ошибки: 0
[Exception]: файл: /var/www/www-root/data/www/www.academy.com/perimeter_83/v2.0/vendor/digitalstars/vk_api/src/vk_api.php:130
[Exception]: путь ошибки: #0 /var/www/www-root/data/www/www.academy.com/perimeter_83/v2.0/start.php(22): DigitalStar\vk_api\vk_api->initVars(Array, NULL, NULL, NULL, NULL, NULL)
#1 {main}
[Exception]: возникла ошибка:
[Exception]: текст: Разное количество аргументов и переменных при инициализации
[Exception]: код ошибки: 0
[Exception]: файл: /var/www/www-root/data/www/www.academy.com/perimeter_83/v2.0/vendor/digitalstars/vk_api/src/vk_api.php:130
[Exception]: путь ошибки: #0 /var/www/www-root/data/www/www.academy.com/perimeter_83/v2.0/start.php(22): DigitalStar\vk_api\vk_api->initVars(Array, NULL, NULL, NULL, NULL, NULL)
#1 {main}
[Exception]: возникла ошибка:
[Exception]: текст: Разное количество аргументов и переменных при инициализации
[Exception]: код ошибки: 0
[Exception]: файл: /var/www/www-root/data/www/www.academy.com/perimeter_83/v2.0/vendor/digitalstars/vk_api/src/vk_api.php:130
[Exception]: путь ошибки: #0 /var/www/www-root/data/www/www.academy.com/perimeter_83/v2.0/start.php(22): DigitalStar\vk_api\vk_api->initVars(Array, NULL, NULL, NULL, NULL, NULL)
#1 {main}
[Exception]: возникла ошибка:
[Exception]: текст: Разное количество аргументов и переменных при инициализации
[Exception]: код ошибки: 0
[Exception]: файл: /var/www/www-root/data/www/www.academy.com/perimeter_83/v2.0/vendor/digitalstars/vk_api/src/vk_api.php:130
[Exception]: путь ошибки: #0 /var/www/www-root/data/www/www.academy.com/perimeter_83/v2.0/start.php(22): DigitalStar\vk_api\vk_api->initVars(Array, NULL, NULL, NULL, NULL, NULL)
#1 {main}
[Exception]: возникла ошибка:
[Exception]: текст: Разное количество аргументов и переменных при инициализации
[Exception]: код ошибки: 0
[Exception]: файл: /var/www/www-root/data/www/www.academy.com/perimeter_83/v2.0/vendor/digitalstars/vk_api/src/vk_api.php:130
[Exception]: путь ошибки: #0 /var/www/www-root/data/www/www.academy.com/perimeter_83/v2.0/start.php(22): DigitalStar\vk_api\vk_api->initVars(Array, NULL, NULL, NULL, NULL, NULL)
#1 {main}
[Exception]: возникла ошибка:
[Exception]: текст: Разное количество аргументов и переменных при инициализации
[Exception]: код ошибки: 0
[Exception]: файл: /var/www/www-root/data/www/www.academy.com/perimeter_83/v2.0/vendor/digitalstars/vk_api/src/vk_api.php:130
[Exception]: путь ошибки: #0 /var/www/www-root/data/www/www.academy.com/perimeter_83/v2.0/start.php(22): DigitalStar\vk_api\vk_api->initVars(Array, NULL, NULL, NULL, NULL, NULL)
#1 {main}
[Exception]: возникла ошибка:
[Exception]: текст: Разное количество аргументов и переменных при инициализации
[Exception]: код ошибки: 0
[Exception]: файл: /var/www/www-root/data/www/www.academy.com/perimeter_83/v2.0/vendor/digitalstars/vk_api/src/vk_api.php:130
[Exception]: путь ошибки: #0 /var/www/www-root/data/www/www.academy.com/perimeter_83/v2.0/start.php(22): DigitalStar\vk_api\vk_api->initVars(Array, NULL, NULL, NULL, NULL, NULL)
#1 {main}
